<?xml version="1.0" encoding="UTF-8"?>
<testng-results ignored="0" total="1" passed="1" failed="0" skipped="0">
  <reporter-output>
  </reporter-output>
  <suite started-at="2024-06-30T22:43:37 IST" name="Default suite" finished-at="2024-06-30T22:43:47 IST" duration-ms="9384">
    <groups>
    </groups>
    <test started-at="2024-06-30T22:43:37 IST" name="Default test" finished-at="2024-06-30T22:43:47 IST" duration-ms="9384">
      <class name="Cred.NewTest">
        <test-method is-config="true" signature="beforeSuite()[pri:0, instance:Cred.NewTest@1e1a0406]" started-at="2024-06-30T22:43:20 IST" name="beforeSuite" finished-at="2024-06-30T22:43:37 IST" duration-ms="17483" status="PASS">
          <reporter-output>
          </reporter-output>
        </test-method> <!-- beforeSuite -->
        <test-method signature="f()[pri:0, instance:Cred.NewTest@1e1a0406]" started-at="2024-06-30T22:43:37 IST" name="f" finished-at="2024-06-30T22:43:47 IST" duration-ms="9348" status="PASS">
          <reporter-output>
          </reporter-output>
        </test-method> <!-- f -->
        <test-method is-config="true" signature="afterSuite()[pri:0, instance:Cred.NewTest@1e1a0406]" started-at="2024-06-30T22:43:47 IST" name="afterSuite" finished-at="2024-06-30T22:43:47 IST" duration-ms="346" status="PASS">
          <reporter-output>
          </reporter-output>
        </test-method> <!-- afterSuite -->
      </class> <!-- Cred.NewTest -->
    </test> <!-- Default test -->
  </suite> <!-- Default suite -->
</testng-results>
